<?xml version="1.0" encoding="UTF-8"?>
<!-- Generated by org.testng.reporters.JUnitReportReporter -->
<testsuite hostname="DESKTOP-R4J9CF0" failures="0" tests="3" name="com.vtiger.testscripts.CheckParallelExecution2" time="28.291" errors="0" timestamp="2022-12-07T10:15:53 IST" skipped="0">
  <testcase classname="com.vtiger.testscripts.CheckParallelExecution2" name="editCustomer3" time="9.299"/>
  <system-out/>
  <testcase classname="com.vtiger.testscripts.CheckParallelExecution2" name="editCustomer1" time="9.220"/>
  <system-out/>
  <testcase classname="com.vtiger.testscripts.CheckParallelExecution2" name="editCustomer2" time="9.772"/>
  <system-out/>
</testsuite> <!-- com.vtiger.testscripts.CheckParallelExecution2 -->
