<?xml version="1.0" encoding="UTF-8"?>
<!-- Generated by org.testng.reporters.JUnitReportReporter -->
<testsuite hostname="DESKTOP-R4J9CF0" failures="0" tests="1" name="com.vtiger.testscripts.CreateCutomerTest2" time="0.012" errors="0" timestamp="2022-12-14T17:17:18 IST" skipped="0">
  <testcase classname="com.vtiger.testscripts.CreateCutomerTest2" name="createCustomer2" time="0.012"/>
  <system-out/>
</testsuite> <!-- com.vtiger.testscripts.CreateCutomerTest2 -->
