<?xml version="1.0" encoding="UTF-8"?>
<!-- Generated by org.testng.reporters.JUnitReportReporter -->
<testsuite hostname="DESKTOP-R4J9CF0" failures="0" tests="3" name="com.vtiger.testscripts.CheckParallelExecution3" time="27.438" errors="0" timestamp="2022-12-07T10:15:53 IST" skipped="0">
  <testcase classname="com.vtiger.testscripts.CheckParallelExecution3" name="modifyCustomer3" time="5.351"/>
  <system-out/>
  <testcase classname="com.vtiger.testscripts.CheckParallelExecution3" name="modifyCustomer1" time="9.478"/>
  <system-out/>
  <testcase classname="com.vtiger.testscripts.CheckParallelExecution3" name="modifyCustomer2" time="12.609"/>
  <system-out/>
</testsuite> <!-- com.vtiger.testscripts.CheckParallelExecution3 -->
