<?xml version="1.0" encoding="UTF-8"?>
<!-- Generated by org.testng.reporters.JUnitReportReporter -->
<testsuite hostname="DESKTOP-R4J9CF0" failures="0" tests="5" name="com.vtiger.testscripts.CreateCustomerTest1" time="0.017" errors="0" timestamp="2022-12-05T14:33:51 IST" skipped="0">
  <testcase classname="com.vtiger.testscripts.CreateCustomerTest1" name="createCustomer" time="0.006"/>
  <system-out/>
  <testcase classname="com.vtiger.testscripts.CreateCustomerTest1" name="createCustomer2" time="0.001"/>
  <system-out/>
  <testcase classname="com.vtiger.testscripts.CreateCustomerTest1" name="createCustomer" time="0.003"/>
  <system-out/>
  <testcase classname="com.vtiger.testscripts.CreateCustomerTest1" name="createCustomer" time="0.005"/>
  <system-out/>
  <testcase classname="com.vtiger.testscripts.CreateCustomerTest1" name="createCustomer" time="0.002"/>
  <system-out/>
</testsuite> <!-- com.vtiger.testscripts.CreateCustomerTest1 -->
