<?xml version="1.0" encoding="UTF-8"?>
<!-- Generated by org.testng.reporters.JUnitReportReporter -->
<testsuite hostname="DESKTOP-R4J9CF0" failures="0" tests="1" name="com.vtiger.testscripts.FetchDataFromMvn" time="0.008" errors="0" timestamp="2022-12-15T09:40:08 IST" skipped="0">
  <testcase classname="com.vtiger.testscripts.FetchDataFromMvn" name="test" time="0.008"/>
  <system-out/>
</testsuite> <!-- com.vtiger.testscripts.FetchDataFromMvn -->
