<?xml version="1.0" encoding="UTF-8"?>
<!-- Generated by org.testng.reporters.JUnitReportReporter -->
<testsuite hostname="DESKTOP-R4J9CF0" failures="0" tests="3" name="com.vtiger.testscripts.CheckParallelExecution" time="21.560" errors="0" timestamp="2022-12-07T10:15:53 IST" skipped="0">
  <testcase classname="com.vtiger.testscripts.CheckParallelExecution" name="createCustomer1" time="7.257"/>
  <system-out/>
  <testcase classname="com.vtiger.testscripts.CheckParallelExecution" name="createCustomer3" time="9.094"/>
  <system-out/>
  <testcase classname="com.vtiger.testscripts.CheckParallelExecution" name="createCustomer2" time="5.209"/>
  <system-out/>
</testsuite> <!-- com.vtiger.testscripts.CheckParallelExecution -->
